
*** Running vivado
    with args -log test.vds -m64 -mode batch -messageDb vivado.pb -notrace -source test.tcl


****** Vivado v2015.4 (64-bit)
  **** SW Build 1412921 on Wed Nov 18 09:43:45 MST 2015
  **** IP Build 1412160 on Tue Nov 17 13:47:24 MST 2015
    ** Copyright 1986-2015 Xilinx, Inc. All Rights Reserved.

source test.tcl -notrace
Command: synth_design -top test -part xc7vx485tffg1157-1
Starting synth_design
Attempting to get a license for feature 'Synthesis' and/or device 'xc7vx485t'
INFO: [Common 17-349] Got license for feature 'Synthesis' and/or device 'xc7vx485t'
---------------------------------------------------------------------------------
Starting Synthesize : Time (s): cpu = 00:00:13 ; elapsed = 00:00:17 . Memory (MB): peak = 451.887 ; gain = 280.730
---------------------------------------------------------------------------------
ERROR: [Synth 8-2715] syntax error near ( [C:/Users/iGreen/Desktop/DESIGN AUTOMATION/HW3/vivado/Q10/Q10.srcs/sources_1/new/testbench.vhd:7]
INFO: [Synth 8-2810] unit test ignored due to previous errors [C:/Users/iGreen/Desktop/DESIGN AUTOMATION/HW3/vivado/Q10/Q10.srcs/sources_1/new/testbench.vhd:6]
---------------------------------------------------------------------------------
Finished Synthesize : Time (s): cpu = 00:00:14 ; elapsed = 00:00:18 . Memory (MB): peak = 451.887 ; gain = 280.730
---------------------------------------------------------------------------------
synthesize failed
INFO: [Common 17-83] Releasing license: Synthesis
3 Infos, 0 Warnings, 0 Critical Warnings and 2 Errors encountered.
synth_design failed
ERROR: [Common 17-69] Command failed: Vivado Synthesis failed
INFO: [Common 17-206] Exiting Vivado at Mon Nov 06 21:52:59 2017...
