
*** Running vivado
    with args -log grades.vds -m64 -mode batch -messageDb vivado.pb -notrace -source grades.tcl


****** Vivado v2015.4 (64-bit)
  **** SW Build 1412921 on Wed Nov 18 09:43:45 MST 2015
  **** IP Build 1412160 on Tue Nov 17 13:47:24 MST 2015
    ** Copyright 1986-2015 Xilinx, Inc. All Rights Reserved.

source grades.tcl -notrace
Command: synth_design -top grades -part xc7vx485tffg1157-1
Starting synth_design
Attempting to get a license for feature 'Synthesis' and/or device 'xc7vx485t'
INFO: [Common 17-349] Got license for feature 'Synthesis' and/or device 'xc7vx485t'
---------------------------------------------------------------------------------
Starting Synthesize : Time (s): cpu = 00:00:12 ; elapsed = 00:00:16 . Memory (MB): peak = 452.457 ; gain = 281.152
---------------------------------------------------------------------------------
ERROR: [Synth 8-2715] syntax error near ' [C:/Users/iGreen/Desktop/DESIGN AUTOMATION/HW3/vivado/Q12/Q12.srcs/sources_1/new/Grades.vhd:50]
ERROR: [Synth 8-2715] syntax error near ' [C:/Users/iGreen/Desktop/DESIGN AUTOMATION/HW3/vivado/Q12/Q12.srcs/sources_1/new/Grades.vhd:50]
ERROR: [Synth 8-2715] syntax error near ' [C:/Users/iGreen/Desktop/DESIGN AUTOMATION/HW3/vivado/Q12/Q12.srcs/sources_1/new/Grades.vhd:53]
ERROR: [Synth 8-2715] syntax error near ' [C:/Users/iGreen/Desktop/DESIGN AUTOMATION/HW3/vivado/Q12/Q12.srcs/sources_1/new/Grades.vhd:53]
ERROR: [Synth 8-2715] syntax error near ' [C:/Users/iGreen/Desktop/DESIGN AUTOMATION/HW3/vivado/Q12/Q12.srcs/sources_1/new/Grades.vhd:56]
ERROR: [Synth 8-2715] syntax error near ' [C:/Users/iGreen/Desktop/DESIGN AUTOMATION/HW3/vivado/Q12/Q12.srcs/sources_1/new/Grades.vhd:56]
ERROR: [Synth 8-2715] syntax error near ' [C:/Users/iGreen/Desktop/DESIGN AUTOMATION/HW3/vivado/Q12/Q12.srcs/sources_1/new/Grades.vhd:59]
ERROR: [Synth 8-2715] syntax error near ' [C:/Users/iGreen/Desktop/DESIGN AUTOMATION/HW3/vivado/Q12/Q12.srcs/sources_1/new/Grades.vhd:59]
ERROR: [Synth 8-2715] syntax error near others [C:/Users/iGreen/Desktop/DESIGN AUTOMATION/HW3/vivado/Q12/Q12.srcs/sources_1/new/Grades.vhd:61]
INFO: [Synth 8-2810] unit bhv ignored due to previous errors [C:/Users/iGreen/Desktop/DESIGN AUTOMATION/HW3/vivado/Q12/Q12.srcs/sources_1/new/Grades.vhd:46]
---------------------------------------------------------------------------------
Finished Synthesize : Time (s): cpu = 00:00:13 ; elapsed = 00:00:17 . Memory (MB): peak = 452.457 ; gain = 281.152
---------------------------------------------------------------------------------
synthesize failed
INFO: [Common 17-83] Releasing license: Synthesis
3 Infos, 0 Warnings, 0 Critical Warnings and 10 Errors encountered.
synth_design failed
ERROR: [Common 17-69] Command failed: Vivado Synthesis failed
INFO: [Common 17-206] Exiting Vivado at Sun Nov 05 19:09:36 2017...
